Arguments: 
  /usr/local/bin/node /usr/local/Cellar/yarn/1.22.4/libexec/bin/yarn.js add webpack

PATH: 
  /usr/local/bin:/usr/bin:/bin:/usr/sbin:/sbin

Yarn version: 
  1.22.4

Node version: 
  13.11.0

Platform: 
  darwin x64

Trace: 
  Error: ENOENT: no such file or directory, copyfile '/Users/zhangjingjie/Library/Caches/Yarn/v6/npm-inherits-2.0.1-b17d08d326b4423e568eff719f91b0b1cbdf69f1-integrity/node_modules/inherits/inherits_browser.js' -> '/Users/zhangjingjie/Documents/webpack/node_modules/assert/node_modules/inherits/inherits_browser.js'

npm manifest: 
  {
    "name": "webpack",
    "version": "1.0.0",
    "description": "",
    "main": "webpack.config.js",
    "scripts": {
      "test": "echo \"Error: no test specified\" && exit 1"
    },
    "author": "",
    "license": "ISC",
    "devDependencies": {
      "webpack": "^4.43.0"
    }
  }

yarn manifest: 
  No manifest

Lockfile: 
  No lockfile
